<?xml version="1.0" encoding="UTF-8"?>
<testsuite xmlns:xsi="http://www.w3.org/2001/XMLSchema-instance" xsi:noNamespaceSchemaLocation="https://maven.apache.org/surefire/maven-surefire-plugin/xsd/surefire-test-report.xsd" name="com.hust.hospital.HospitalApplicationTests" time="2.153" tests="1" errors="0" skipped="0" failures="0">
  <properties>
    <property name="sun.desktop" value="windows"/>
    <property name="awt.toolkit" value="sun.awt.windows.WToolkit"/>
    <property name="file.encoding.pkg" value="sun.io"/>
    <property name="java.specification.version" value="1.8"/>
    <property name="sun.cpu.isalist" value="amd64"/>
    <property name="sun.jnu.encoding" value="GBK"/>
    <property name="java.class.path" value="D:\研究生资料\南六218实验室\代炜琦项目组文件\医疗路径项目\git文件\pathManagement\target\test-classes;D:\研究生资料\南六218实验室\代炜琦项目组文件\医疗路径项目\git文件\pathManagement\target\classes;D:\Program Files (x86)\MavenRepository\org\springframework\boot\spring-boot-starter\2.5.4\spring-boot-starter-2.5.4.jar;D:\Program Files (x86)\MavenRepository\org\springframework\boot\spring-boot\2.5.4\spring-boot-2.5.4.jar;D:\Program Files (x86)\MavenRepository\org\springframework\spring-context\5.3.9\spring-context-5.3.9.jar;D:\Program Files (x86)\MavenRepository\org\springframework\boot\spring-boot-autoconfigure\2.5.4\spring-boot-autoconfigure-2.5.4.jar;D:\Program Files (x86)\MavenRepository\org\springframework\boot\spring-boot-starter-logging\2.5.4\spring-boot-starter-logging-2.5.4.jar;D:\Program Files (x86)\MavenRepository\ch\qos\logback\logback-classic\1.2.5\logback-classic-1.2.5.jar;D:\Program Files (x86)\MavenRepository\ch\qos\logback\logback-core\1.2.5\logback-core-1.2.5.jar;D:\Program Files (x86)\MavenRepository\org\apache\logging\log4j\log4j-to-slf4j\2.14.1\log4j-to-slf4j-2.14.1.jar;D:\Program Files (x86)\MavenRepository\org\apache\logging\log4j\log4j-api\2.14.1\log4j-api-2.14.1.jar;D:\Program Files (x86)\MavenRepository\org\slf4j\jul-to-slf4j\1.7.32\jul-to-slf4j-1.7.32.jar;D:\Program Files (x86)\MavenRepository\jakarta\annotation\jakarta.annotation-api\1.3.5\jakarta.annotation-api-1.3.5.jar;D:\Program Files (x86)\MavenRepository\org\springframework\spring-core\5.3.9\spring-core-5.3.9.jar;D:\Program Files (x86)\MavenRepository\org\springframework\spring-jcl\5.3.9\spring-jcl-5.3.9.jar;D:\Program Files (x86)\MavenRepository\org\yaml\snakeyaml\1.28\snakeyaml-1.28.jar;D:\Program Files (x86)\MavenRepository\org\springframework\boot\spring-boot-starter-jdbc\2.5.4\spring-boot-starter-jdbc-2.5.4.jar;D:\Program Files (x86)\MavenRepository\com\zaxxer\HikariCP\4.0.3\HikariCP-4.0.3.jar;D:\Program Files (x86)\MavenRepository\org\slf4j\slf4j-api\1.7.32\slf4j-api-1.7.32.jar;D:\Program Files (x86)\MavenRepository\org\springframework\spring-jdbc\5.3.9\spring-jdbc-5.3.9.jar;D:\Program Files (x86)\MavenRepository\org\springframework\spring-beans\5.3.9\spring-beans-5.3.9.jar;D:\Program Files (x86)\MavenRepository\org\springframework\spring-tx\5.3.9\spring-tx-5.3.9.jar;D:\Program Files (x86)\MavenRepository\org\springframework\boot\spring-boot-starter-web\2.5.4\spring-boot-starter-web-2.5.4.jar;D:\Program Files (x86)\MavenRepository\org\springframework\boot\spring-boot-starter-json\2.5.4\spring-boot-starter-json-2.5.4.jar;D:\Program Files (x86)\MavenRepository\com\fasterxml\jackson\core\jackson-databind\2.12.4\jackson-databind-2.12.4.jar;D:\Program Files (x86)\MavenRepository\com\fasterxml\jackson\core\jackson-annotations\2.12.4\jackson-annotations-2.12.4.jar;D:\Program Files (x86)\MavenRepository\com\fasterxml\jackson\core\jackson-core\2.12.4\jackson-core-2.12.4.jar;D:\Program Files (x86)\MavenRepository\com\fasterxml\jackson\datatype\jackson-datatype-jdk8\2.12.4\jackson-datatype-jdk8-2.12.4.jar;D:\Program Files (x86)\MavenRepository\com\fasterxml\jackson\datatype\jackson-datatype-jsr310\2.12.4\jackson-datatype-jsr310-2.12.4.jar;D:\Program Files (x86)\MavenRepository\com\fasterxml\jackson\module\jackson-module-parameter-names\2.12.4\jackson-module-parameter-names-2.12.4.jar;D:\Program Files (x86)\MavenRepository\org\springframework\boot\spring-boot-starter-tomcat\2.5.4\spring-boot-starter-tomcat-2.5.4.jar;D:\Program Files (x86)\MavenRepository\org\apache\tomcat\embed\tomcat-embed-core\9.0.52\tomcat-embed-core-9.0.52.jar;D:\Program Files (x86)\MavenRepository\org\apache\tomcat\embed\tomcat-embed-el\9.0.52\tomcat-embed-el-9.0.52.jar;D:\Program Files (x86)\MavenRepository\org\apache\tomcat\embed\tomcat-embed-websocket\9.0.52\tomcat-embed-websocket-9.0.52.jar;D:\Program Files (x86)\MavenRepository\org\springframework\spring-web\5.3.9\spring-web-5.3.9.jar;D:\Program Files (x86)\MavenRepository\org\springframework\spring-webmvc\5.3.9\spring-webmvc-5.3.9.jar;D:\Program Files (x86)\MavenRepository\org\springframework\spring-aop\5.3.9\spring-aop-5.3.9.jar;D:\Program Files (x86)\MavenRepository\org\springframework\spring-expression\5.3.9\spring-expression-5.3.9.jar;D:\Program Files (x86)\MavenRepository\org\mybatis\spring\boot\mybatis-spring-boot-starter\2.2.0\mybatis-spring-boot-starter-2.2.0.jar;D:\Program Files (x86)\MavenRepository\org\mybatis\spring\boot\mybatis-spring-boot-autoconfigure\2.2.0\mybatis-spring-boot-autoconfigure-2.2.0.jar;D:\Program Files (x86)\MavenRepository\org\mybatis\mybatis\3.5.7\mybatis-3.5.7.jar;D:\Program Files (x86)\MavenRepository\org\mybatis\mybatis-spring\2.0.6\mybatis-spring-2.0.6.jar;D:\Program Files (x86)\MavenRepository\cn\dev33\sa-token-spring-boot-starter\1.26.0\sa-token-spring-boot-starter-1.26.0.jar;D:\Program Files (x86)\MavenRepository\cn\dev33\sa-token-servlet\1.26.0\sa-token-servlet-1.26.0.jar;D:\Program Files (x86)\MavenRepository\cn\dev33\sa-token-core\1.26.0\sa-token-core-1.26.0.jar;D:\Program Files (x86)\MavenRepository\com\alibaba\fastjson\1.2.70\fastjson-1.2.70.jar;D:\Program Files (x86)\MavenRepository\org\springframework\boot\spring-boot-devtools\2.5.4\spring-boot-devtools-2.5.4.jar;D:\Program Files (x86)\MavenRepository\mysql\mysql-connector-java\8.0.23\mysql-connector-java-8.0.23.jar;D:\Program Files (x86)\MavenRepository\org\springframework\boot\spring-boot-configuration-processor\2.5.4\spring-boot-configuration-processor-2.5.4.jar;D:\Program Files (x86)\MavenRepository\org\projectlombok\lombok\1.18.20\lombok-1.18.20.jar;D:\Program Files (x86)\MavenRepository\org\springframework\boot\spring-boot-starter-test\2.5.4\spring-boot-starter-test-2.5.4.jar;D:\Program Files (x86)\MavenRepository\org\springframework\boot\spring-boot-test\2.5.4\spring-boot-test-2.5.4.jar;D:\Program Files (x86)\MavenRepository\org\springframework\boot\spring-boot-test-autoconfigure\2.5.4\spring-boot-test-autoconfigure-2.5.4.jar;D:\Program Files (x86)\MavenRepository\com\jayway\jsonpath\json-path\2.5.0\json-path-2.5.0.jar;D:\Program Files (x86)\MavenRepository\net\minidev\json-smart\2.4.7\json-smart-2.4.7.jar;D:\Program Files (x86)\MavenRepository\net\minidev\accessors-smart\2.4.7\accessors-smart-2.4.7.jar;D:\Program Files (x86)\MavenRepository\org\ow2\asm\asm\9.1\asm-9.1.jar;D:\Program Files (x86)\MavenRepository\jakarta\xml\bind\jakarta.xml.bind-api\2.3.3\jakarta.xml.bind-api-2.3.3.jar;D:\Program Files (x86)\MavenRepository\jakarta\activation\jakarta.activation-api\1.2.2\jakarta.activation-api-1.2.2.jar;D:\Program Files (x86)\MavenRepository\org\assertj\assertj-core\3.19.0\assertj-core-3.19.0.jar;D:\Program Files (x86)\MavenRepository\org\hamcrest\hamcrest\2.2\hamcrest-2.2.jar;D:\Program Files (x86)\MavenRepository\org\junit\jupiter\junit-jupiter\5.7.2\junit-jupiter-5.7.2.jar;D:\Program Files (x86)\MavenRepository\org\junit\jupiter\junit-jupiter-api\5.7.2\junit-jupiter-api-5.7.2.jar;D:\Program Files (x86)\MavenRepository\org\apiguardian\apiguardian-api\1.1.0\apiguardian-api-1.1.0.jar;D:\Program Files (x86)\MavenRepository\org\opentest4j\opentest4j\1.2.0\opentest4j-1.2.0.jar;D:\Program Files (x86)\MavenRepository\org\junit\platform\junit-platform-commons\1.7.2\junit-platform-commons-1.7.2.jar;D:\Program Files (x86)\MavenRepository\org\junit\jupiter\junit-jupiter-params\5.7.2\junit-jupiter-params-5.7.2.jar;D:\Program Files (x86)\MavenRepository\org\junit\jupiter\junit-jupiter-engine\5.7.2\junit-jupiter-engine-5.7.2.jar;D:\Program Files (x86)\MavenRepository\org\junit\platform\junit-platform-engine\1.7.2\junit-platform-engine-1.7.2.jar;D:\Program Files (x86)\MavenRepository\org\mockito\mockito-core\3.9.0\mockito-core-3.9.0.jar;D:\Program Files (x86)\MavenRepository\net\bytebuddy\byte-buddy\1.10.22\byte-buddy-1.10.22.jar;D:\Program Files (x86)\MavenRepository\net\bytebuddy\byte-buddy-agent\1.10.22\byte-buddy-agent-1.10.22.jar;D:\Program Files (x86)\MavenRepository\org\objenesis\objenesis\3.2\objenesis-3.2.jar;D:\Program Files (x86)\MavenRepository\org\mockito\mockito-junit-jupiter\3.9.0\mockito-junit-jupiter-3.9.0.jar;D:\Program Files (x86)\MavenRepository\org\skyscreamer\jsonassert\1.5.0\jsonassert-1.5.0.jar;D:\Program Files (x86)\MavenRepository\com\vaadin\external\google\android-json\0.0.20131108.vaadin1\android-json-0.0.20131108.vaadin1.jar;D:\Program Files (x86)\MavenRepository\org\springframework\spring-test\5.3.9\spring-test-5.3.9.jar;D:\Program Files (x86)\MavenRepository\org\xmlunit\xmlunit-core\2.8.2\xmlunit-core-2.8.2.jar;D:\Program Files (x86)\MavenRepository\org\jetbrains\annotations\13.0\annotations-13.0.jar;"/>
    <property name="java.vm.vendor" value="Oracle Corporation"/>
    <property name="sun.arch.data.model" value="64"/>
    <property name="user.variant" value=""/>
    <property name="java.vendor.url" value="http://java.oracle.com/"/>
    <property name="user.timezone" value="Asia/Shanghai"/>
    <property name="java.vm.specification.version" value="1.8"/>
    <property name="os.name" value="Windows 10"/>
    <property name="user.country" value="CN"/>
    <property name="sun.java.launcher" value="SUN_STANDARD"/>
    <property name="sun.boot.library.path" value="C:\Program Files\Java\jdk1.8.0_92\jre\bin"/>
    <property name="sun.java.command" value="C:\Users\lzhtthh\AppData\Local\Temp\surefire939801523046252018\surefirebooter8363351452808464424.jar C:\Users\lzhtthh\AppData\Local\Temp\surefire939801523046252018 2021-12-15T15-04-11_614-jvmRun1 surefire4232893112958731549tmp surefire_03956608018589683995tmp"/>
    <property name="surefire.test.class.path" value="D:\研究生资料\南六218实验室\代炜琦项目组文件\医疗路径项目\git文件\pathManagement\target\test-classes;D:\研究生资料\南六218实验室\代炜琦项目组文件\医疗路径项目\git文件\pathManagement\target\classes;D:\Program Files (x86)\MavenRepository\org\springframework\boot\spring-boot-starter\2.5.4\spring-boot-starter-2.5.4.jar;D:\Program Files (x86)\MavenRepository\org\springframework\boot\spring-boot\2.5.4\spring-boot-2.5.4.jar;D:\Program Files (x86)\MavenRepository\org\springframework\spring-context\5.3.9\spring-context-5.3.9.jar;D:\Program Files (x86)\MavenRepository\org\springframework\boot\spring-boot-autoconfigure\2.5.4\spring-boot-autoconfigure-2.5.4.jar;D:\Program Files (x86)\MavenRepository\org\springframework\boot\spring-boot-starter-logging\2.5.4\spring-boot-starter-logging-2.5.4.jar;D:\Program Files (x86)\MavenRepository\ch\qos\logback\logback-classic\1.2.5\logback-classic-1.2.5.jar;D:\Program Files (x86)\MavenRepository\ch\qos\logback\logback-core\1.2.5\logback-core-1.2.5.jar;D:\Program Files (x86)\MavenRepository\org\apache\logging\log4j\log4j-to-slf4j\2.14.1\log4j-to-slf4j-2.14.1.jar;D:\Program Files (x86)\MavenRepository\org\apache\logging\log4j\log4j-api\2.14.1\log4j-api-2.14.1.jar;D:\Program Files (x86)\MavenRepository\org\slf4j\jul-to-slf4j\1.7.32\jul-to-slf4j-1.7.32.jar;D:\Program Files (x86)\MavenRepository\jakarta\annotation\jakarta.annotation-api\1.3.5\jakarta.annotation-api-1.3.5.jar;D:\Program Files (x86)\MavenRepository\org\springframework\spring-core\5.3.9\spring-core-5.3.9.jar;D:\Program Files (x86)\MavenRepository\org\springframework\spring-jcl\5.3.9\spring-jcl-5.3.9.jar;D:\Program Files (x86)\MavenRepository\org\yaml\snakeyaml\1.28\snakeyaml-1.28.jar;D:\Program Files (x86)\MavenRepository\org\springframework\boot\spring-boot-starter-jdbc\2.5.4\spring-boot-starter-jdbc-2.5.4.jar;D:\Program Files (x86)\MavenRepository\com\zaxxer\HikariCP\4.0.3\HikariCP-4.0.3.jar;D:\Program Files (x86)\MavenRepository\org\slf4j\slf4j-api\1.7.32\slf4j-api-1.7.32.jar;D:\Program Files (x86)\MavenRepository\org\springframework\spring-jdbc\5.3.9\spring-jdbc-5.3.9.jar;D:\Program Files (x86)\MavenRepository\org\springframework\spring-beans\5.3.9\spring-beans-5.3.9.jar;D:\Program Files (x86)\MavenRepository\org\springframework\spring-tx\5.3.9\spring-tx-5.3.9.jar;D:\Program Files (x86)\MavenRepository\org\springframework\boot\spring-boot-starter-web\2.5.4\spring-boot-starter-web-2.5.4.jar;D:\Program Files (x86)\MavenRepository\org\springframework\boot\spring-boot-starter-json\2.5.4\spring-boot-starter-json-2.5.4.jar;D:\Program Files (x86)\MavenRepository\com\fasterxml\jackson\core\jackson-databind\2.12.4\jackson-databind-2.12.4.jar;D:\Program Files (x86)\MavenRepository\com\fasterxml\jackson\core\jackson-annotations\2.12.4\jackson-annotations-2.12.4.jar;D:\Program Files (x86)\MavenRepository\com\fasterxml\jackson\core\jackson-core\2.12.4\jackson-core-2.12.4.jar;D:\Program Files (x86)\MavenRepository\com\fasterxml\jackson\datatype\jackson-datatype-jdk8\2.12.4\jackson-datatype-jdk8-2.12.4.jar;D:\Program Files (x86)\MavenRepository\com\fasterxml\jackson\datatype\jackson-datatype-jsr310\2.12.4\jackson-datatype-jsr310-2.12.4.jar;D:\Program Files (x86)\MavenRepository\com\fasterxml\jackson\module\jackson-module-parameter-names\2.12.4\jackson-module-parameter-names-2.12.4.jar;D:\Program Files (x86)\MavenRepository\org\springframework\boot\spring-boot-starter-tomcat\2.5.4\spring-boot-starter-tomcat-2.5.4.jar;D:\Program Files (x86)\MavenRepository\org\apache\tomcat\embed\tomcat-embed-core\9.0.52\tomcat-embed-core-9.0.52.jar;D:\Program Files (x86)\MavenRepository\org\apache\tomcat\embed\tomcat-embed-el\9.0.52\tomcat-embed-el-9.0.52.jar;D:\Program Files (x86)\MavenRepository\org\apache\tomcat\embed\tomcat-embed-websocket\9.0.52\tomcat-embed-websocket-9.0.52.jar;D:\Program Files (x86)\MavenRepository\org\springframework\spring-web\5.3.9\spring-web-5.3.9.jar;D:\Program Files (x86)\MavenRepository\org\springframework\spring-webmvc\5.3.9\spring-webmvc-5.3.9.jar;D:\Program Files (x86)\MavenRepository\org\springframework\spring-aop\5.3.9\spring-aop-5.3.9.jar;D:\Program Files (x86)\MavenRepository\org\springframework\spring-expression\5.3.9\spring-expression-5.3.9.jar;D:\Program Files (x86)\MavenRepository\org\mybatis\spring\boot\mybatis-spring-boot-starter\2.2.0\mybatis-spring-boot-starter-2.2.0.jar;D:\Program Files (x86)\MavenRepository\org\mybatis\spring\boot\mybatis-spring-boot-autoconfigure\2.2.0\mybatis-spring-boot-autoconfigure-2.2.0.jar;D:\Program Files (x86)\MavenRepository\org\mybatis\mybatis\3.5.7\mybatis-3.5.7.jar;D:\Program Files (x86)\MavenRepository\org\mybatis\mybatis-spring\2.0.6\mybatis-spring-2.0.6.jar;D:\Program Files (x86)\MavenRepository\cn\dev33\sa-token-spring-boot-starter\1.26.0\sa-token-spring-boot-starter-1.26.0.jar;D:\Program Files (x86)\MavenRepository\cn\dev33\sa-token-servlet\1.26.0\sa-token-servlet-1.26.0.jar;D:\Program Files (x86)\MavenRepository\cn\dev33\sa-token-core\1.26.0\sa-token-core-1.26.0.jar;D:\Program Files (x86)\MavenRepository\com\alibaba\fastjson\1.2.70\fastjson-1.2.70.jar;D:\Program Files (x86)\MavenRepository\org\springframework\boot\spring-boot-devtools\2.5.4\spring-boot-devtools-2.5.4.jar;D:\Program Files (x86)\MavenRepository\mysql\mysql-connector-java\8.0.23\mysql-connector-java-8.0.23.jar;D:\Program Files (x86)\MavenRepository\org\springframework\boot\spring-boot-configuration-processor\2.5.4\spring-boot-configuration-processor-2.5.4.jar;D:\Program Files (x86)\MavenRepository\org\projectlombok\lombok\1.18.20\lombok-1.18.20.jar;D:\Program Files (x86)\MavenRepository\org\springframework\boot\spring-boot-starter-test\2.5.4\spring-boot-starter-test-2.5.4.jar;D:\Program Files (x86)\MavenRepository\org\springframework\boot\spring-boot-test\2.5.4\spring-boot-test-2.5.4.jar;D:\Program Files (x86)\MavenRepository\org\springframework\boot\spring-boot-test-autoconfigure\2.5.4\spring-boot-test-autoconfigure-2.5.4.jar;D:\Program Files (x86)\MavenRepository\com\jayway\jsonpath\json-path\2.5.0\json-path-2.5.0.jar;D:\Program Files (x86)\MavenRepository\net\minidev\json-smart\2.4.7\json-smart-2.4.7.jar;D:\Program Files (x86)\MavenRepository\net\minidev\accessors-smart\2.4.7\accessors-smart-2.4.7.jar;D:\Program Files (x86)\MavenRepository\org\ow2\asm\asm\9.1\asm-9.1.jar;D:\Program Files (x86)\MavenRepository\jakarta\xml\bind\jakarta.xml.bind-api\2.3.3\jakarta.xml.bind-api-2.3.3.jar;D:\Program Files (x86)\MavenRepository\jakarta\activation\jakarta.activation-api\1.2.2\jakarta.activation-api-1.2.2.jar;D:\Program Files (x86)\MavenRepository\org\assertj\assertj-core\3.19.0\assertj-core-3.19.0.jar;D:\Program Files (x86)\MavenRepository\org\hamcrest\hamcrest\2.2\hamcrest-2.2.jar;D:\Program Files (x86)\MavenRepository\org\junit\jupiter\junit-jupiter\5.7.2\junit-jupiter-5.7.2.jar;D:\Program Files (x86)\MavenRepository\org\junit\jupiter\junit-jupiter-api\5.7.2\junit-jupiter-api-5.7.2.jar;D:\Program Files (x86)\MavenRepository\org\apiguardian\apiguardian-api\1.1.0\apiguardian-api-1.1.0.jar;D:\Program Files (x86)\MavenRepository\org\opentest4j\opentest4j\1.2.0\opentest4j-1.2.0.jar;D:\Program Files (x86)\MavenRepository\org\junit\platform\junit-platform-commons\1.7.2\junit-platform-commons-1.7.2.jar;D:\Program Files (x86)\MavenRepository\org\junit\jupiter\junit-jupiter-params\5.7.2\junit-jupiter-params-5.7.2.jar;D:\Program Files (x86)\MavenRepository\org\junit\jupiter\junit-jupiter-engine\5.7.2\junit-jupiter-engine-5.7.2.jar;D:\Program Files (x86)\MavenRepository\org\junit\platform\junit-platform-engine\1.7.2\junit-platform-engine-1.7.2.jar;D:\Program Files (x86)\MavenRepository\org\mockito\mockito-core\3.9.0\mockito-core-3.9.0.jar;D:\Program Files (x86)\MavenRepository\net\bytebuddy\byte-buddy\1.10.22\byte-buddy-1.10.22.jar;D:\Program Files (x86)\MavenRepository\net\bytebuddy\byte-buddy-agent\1.10.22\byte-buddy-agent-1.10.22.jar;D:\Program Files (x86)\MavenRepository\org\objenesis\objenesis\3.2\objenesis-3.2.jar;D:\Program Files (x86)\MavenRepository\org\mockito\mockito-junit-jupiter\3.9.0\mockito-junit-jupiter-3.9.0.jar;D:\Program Files (x86)\MavenRepository\org\skyscreamer\jsonassert\1.5.0\jsonassert-1.5.0.jar;D:\Program Files (x86)\MavenRepository\com\vaadin\external\google\android-json\0.0.20131108.vaadin1\android-json-0.0.20131108.vaadin1.jar;D:\Program Files (x86)\MavenRepository\org\springframework\spring-test\5.3.9\spring-test-5.3.9.jar;D:\Program Files (x86)\MavenRepository\org\xmlunit\xmlunit-core\2.8.2\xmlunit-core-2.8.2.jar;D:\Program Files (x86)\MavenRepository\org\jetbrains\annotations\13.0\annotations-13.0.jar;"/>
    <property name="sun.cpu.endian" value="little"/>
    <property name="user.home" value="C:\Users\lzhtthh"/>
    <property name="user.language" value="zh"/>
    <property name="java.specification.vendor" value="Oracle Corporation"/>
    <property name="java.home" value="C:\Program Files\Java\jdk1.8.0_92\jre"/>
    <property name="basedir" value="D:\研究生资料\南六218实验室\代炜琦项目组文件\医疗路径项目\git文件\pathManagement"/>
    <property name="file.separator" value="\"/>
    <property name="line.separator" value="&#10;"/>
    <property name="java.vm.specification.vendor" value="Oracle Corporation"/>
    <property name="java.specification.name" value="Java Platform API Specification"/>
    <property name="java.awt.graphicsenv" value="sun.awt.Win32GraphicsEnvironment"/>
    <property name="surefire.real.class.path" value="C:\Users\lzhtthh\AppData\Local\Temp\surefire939801523046252018\surefirebooter8363351452808464424.jar"/>
    <property name="sun.boot.class.path" value="C:\Program Files\Java\jdk1.8.0_92\jre\lib\resources.jar;C:\Program Files\Java\jdk1.8.0_92\jre\lib\rt.jar;C:\Program Files\Java\jdk1.8.0_92\jre\lib\sunrsasign.jar;C:\Program Files\Java\jdk1.8.0_92\jre\lib\jsse.jar;C:\Program Files\Java\jdk1.8.0_92\jre\lib\jce.jar;C:\Program Files\Java\jdk1.8.0_92\jre\lib\charsets.jar;C:\Program Files\Java\jdk1.8.0_92\jre\lib\jfr.jar;C:\Program Files\Java\jdk1.8.0_92\jre\classes"/>
    <property name="user.script" value=""/>
    <property name="sun.management.compiler" value="HotSpot 64-Bit Tiered Compilers"/>
    <property name="java.runtime.version" value="1.8.0_92-b14"/>
    <property name="user.name" value="lzhtthh"/>
    <property name="path.separator" value=";"/>
    <property name="os.version" value="10.0"/>
    <property name="java.endorsed.dirs" value="C:\Program Files\Java\jdk1.8.0_92\jre\lib\endorsed"/>
    <property name="java.runtime.name" value="Java(TM) SE Runtime Environment"/>
    <property name="file.encoding" value="GBK"/>
    <property name="java.vm.name" value="Java HotSpot(TM) 64-Bit Server VM"/>
    <property name="localRepository" value="D:\Program Files (x86)\MavenRepository"/>
    <property name="java.vendor.url.bug" value="http://bugreport.sun.com/bugreport/"/>
    <property name="java.io.tmpdir" value="C:\Users\lzhtthh\AppData\Local\Temp\"/>
    <property name="idea.version" value="2018.2.5"/>
    <property name="java.version" value="1.8.0_92"/>
    <property name="user.dir" value="D:\研究生资料\南六218实验室\代炜琦项目组文件\医疗路径项目\git文件\pathManagement"/>
    <property name="os.arch" value="amd64"/>
    <property name="java.vm.specification.name" value="Java Virtual Machine Specification"/>
    <property name="java.awt.printerjob" value="sun.awt.windows.WPrinterJob"/>
    <property name="sun.os.patch.level" value=""/>
    <property name="java.library.path" value="C:\Program Files\Java\jdk1.8.0_92\jre\bin;C:\WINDOWS\Sun\Java\bin;C:\WINDOWS\system32;C:\WINDOWS;C:\Python39\Scripts\;C:\Python39\;C:\Program Files (x86)\Common Files\Oracle\Java\javapath;D:\软件\xftp\;D;\软件\xshell\;C;\ProgramData\Oracle\Java\javapath;C:\WINDOWS\system32;C:\WINDOWS;C:\WINDOWS\System32\Wbem;C:\WINDOWS\System32\WindowsPowerShell\v1.0\;C:\WINDOWS\System32\OpenSSH\;C:\Program Files\erl10.7\bin;D:\软件\rabbitMQ\rabbitmq_server-3.8.3\sbin;D:\软件\Git\cmd;D:\软件\node.js\;C:\ProgramData\chocolatey\bin;D:\软件\SVN\bin;C:\Program Files\Java\jdk1.8.0_92\bin;D:\hadoop-3.0.0\bin;C:\Program Files\go\bin;D:\软件\;D:\软件\apache-ant-1.10.12\bin;D:\Anaconda3;D:\Anaconda3\Library\mingw-w64\bin;D:\Anaconda3\Library\usr\bin;D:\Anaconda3\Library\bin;D:\Anaconda3\Scripts;C:\Users\lzhtthh\AppData\Local\Microsoft\WindowsApps;D:\Microsoft VS Code\bin;C:\Users\lzhtthh\AppData\Roaming\npm;C:\Program Files\Bandizip\;."/>
    <property name="java.vm.info" value="mixed mode"/>
    <property name="java.vendor" value="Oracle Corporation"/>
    <property name="java.vm.version" value="25.92-b14"/>
    <property name="java.ext.dirs" value="C:\Program Files\Java\jdk1.8.0_92\jre\lib\ext;C:\WINDOWS\Sun\Java\lib\ext"/>
    <property name="sun.io.unicode.encoding" value="UnicodeLittle"/>
    <property name="maven.repo.local" value="D:\Program Files (x86)\MavenRepository"/>
    <property name="java.class.version" value="52.0"/>
  </properties>
  <testcase name="contextLoads" classname="com.hust.hospital.HospitalApplicationTests" time="0.223"/>
</testsuite>